2021-11-02 00:00:42,885 INFO org.springframework.orm.jpa.AbstractEntityManagerFactoryBean [SpringContextShutdownHook] Closing JPA EntityManagerFactory for persistence unit 'default'
2021-11-02 00:00:42,893 INFO org.springframework.scheduling.concurrent.ExecutorConfigurationSupport [SpringContextShutdownHook] Shutting down ExecutorService 'applicationTaskExecutor'
2021-11-02 00:00:42,894 INFO com.zaxxer.hikari.HikariDataSource [SpringContextShutdownHook] HikariPool-1 - Shutdown initiated...
2021-11-02 00:00:42,908 INFO com.zaxxer.hikari.HikariDataSource [SpringContextShutdownHook] HikariPool-1 - Shutdown completed.
2021-11-02 00:00:46,489 INFO org.hibernate.validator.internal.util.Version [background-preinit] HV000001: Hibernate Validator 6.1.5.Final
2021-11-02 00:00:46,505 INFO org.springframework.boot.StartupInfoLogger [main] Starting Application on DESKTOP-MME1U5F with PID 17004 (C:\Users\HP-Note\IdeaProjects\gragle\build\classes\java\main started by HP-Note in C:\Users\HP-Note\IdeaProjects\gragle)
2021-11-02 00:00:46,507 INFO org.springframework.boot.SpringApplication [main] No active profile set, falling back to default profiles: default
2021-11-02 00:00:47,074 INFO org.springframework.data.repository.config.RepositoryConfigurationDelegate [main] Bootstrapping Spring Data JPA repositories in DEFERRED mode.
2021-11-02 00:00:47,096 INFO org.springframework.data.repository.config.RepositoryConfigurationDelegate [main] Finished Spring Data repository scanning in 17ms. Found 0 JPA repository interfaces.
2021-11-02 00:00:47,313 INFO org.springframework.context.support.PostProcessorRegistrationDelegate$BeanPostProcessorChecker [main] Bean 'org.springframework.security.access.expression.method.DefaultMethodSecurityExpressionHandler@b34832b' of type [org.springframework.security.access.expression.method.DefaultMethodSecurityExpressionHandler] is not eligible for getting processed by all BeanPostProcessors (for example: not eligible for auto-proxying)
2021-11-02 00:00:47,318 INFO org.springframework.context.support.PostProcessorRegistrationDelegate$BeanPostProcessorChecker [main] Bean 'methodSecurityMetadataSource' of type [org.springframework.security.access.method.DelegatingMethodSecurityMetadataSource] is not eligible for getting processed by all BeanPostProcessors (for example: not eligible for auto-proxying)
2021-11-02 00:00:47,522 INFO org.springframework.boot.web.embedded.tomcat.TomcatWebServer [main] Tomcat initialized with port(s): 80 (http)
2021-11-02 00:00:47,529 INFO org.apache.juli.logging.DirectJDKLog [main] Initializing ProtocolHandler ["http-nio-80"]
2021-11-02 00:00:47,530 INFO org.apache.juli.logging.DirectJDKLog [main] Starting service [Tomcat]
2021-11-02 00:00:47,530 INFO org.apache.juli.logging.DirectJDKLog [main] Starting Servlet engine: [Apache Tomcat/9.0.38]
2021-11-02 00:00:47,651 INFO org.apache.juli.logging.DirectJDKLog [main] Initializing Spring embedded WebApplicationContext
2021-11-02 00:00:47,652 INFO org.springframework.boot.web.servlet.context.ServletWebServerApplicationContext [main] Root WebApplicationContext: initialization completed in 1115 ms
2021-11-02 00:00:47,778 INFO org.springframework.scheduling.concurrent.ExecutorConfigurationSupport [main] Initializing ExecutorService 'applicationTaskExecutor'
2021-11-02 00:00:47,819 INFO org.hibernate.jpa.internal.util.LogHelper [task-1] HHH000204: Processing PersistenceUnitInfo [name: default]
2021-11-02 00:00:47,869 INFO org.hibernate.Version [task-1] HHH000412: Hibernate Core {5.4.2.Final}
2021-11-02 00:00:47,957 INFO org.hibernate.annotations.common.reflection.java.JavaReflectionManager [task-1] HCANN000001: Hibernate Commons Annotations {5.1.0.Final}
2021-11-02 00:00:48,030 INFO com.zaxxer.hikari.HikariDataSource [task-1] HikariPool-1 - Starting...
2021-11-02 00:00:48,113 INFO com.zaxxer.hikari.HikariDataSource [task-1] HikariPool-1 - Start completed.
2021-11-02 00:00:48,128 INFO org.hibernate.dialect.Dialect [task-1] HHH000400: Using dialect: org.hibernate.dialect.MySQL5Dialect
2021-11-02 00:00:48,943 INFO org.hibernate.engine.transaction.jta.platform.internal.JtaPlatformInitiator [task-1] HHH000490: Using JtaPlatform implementation: [org.hibernate.engine.transaction.jta.platform.internal.NoJtaPlatform]
2021-11-02 00:00:48,945 INFO org.springframework.orm.jpa.AbstractEntityManagerFactoryBean [task-1] Initialized JPA EntityManagerFactory for persistence unit 'default'
2021-11-02 00:00:49,408 INFO org.springframework.boot.autoconfigure.web.servlet.WelcomePageHandlerMapping [main] Adding welcome page template: index
2021-11-02 00:00:49,860 INFO org.springframework.security.web.DefaultSecurityFilterChain [main] Creating filter chain: Ant [pattern='/admin'], [org.springframework.security.web.context.request.async.WebAsyncManagerIntegrationFilter@32ba5c65, org.springframework.security.web.context.SecurityContextPersistenceFilter@2520aa05, org.springframework.security.web.header.HeaderWriterFilter@7d4d65f5, org.springframework.security.web.csrf.CsrfFilter@126675fd, org.springframework.security.web.authentication.logout.LogoutFilter@14df5253, org.springframework.security.web.authentication.www.BasicAuthenticationFilter@1488a861, org.springframework.security.web.savedrequest.RequestCacheAwareFilter@46894dc5, org.springframework.security.web.servletapi.SecurityContextHolderAwareRequestFilter@3e39f08c, org.springframework.security.web.authentication.AnonymousAuthenticationFilter@1ad1be5d, org.springframework.security.web.access.ExceptionTranslationFilter@76db9048]
2021-11-02 00:00:49,884 INFO org.springframework.security.web.DefaultSecurityFilterChain [main] Creating filter chain: any request, [org.springframework.security.web.context.request.async.WebAsyncManagerIntegrationFilter@a120b9, org.springframework.security.web.context.SecurityContextPersistenceFilter@11180750, org.springframework.security.web.header.HeaderWriterFilter@44de8e00, org.springframework.security.web.authentication.logout.LogoutFilter@6dc2279c, org.springframework.security.web.authentication.UsernamePasswordAuthenticationFilter@ca2cd5e, org.springframework.security.web.savedrequest.RequestCacheAwareFilter@210635fd, org.springframework.security.web.servletapi.SecurityContextHolderAwareRequestFilter@63814bbe, org.springframework.security.web.authentication.AnonymousAuthenticationFilter@333e5fb6, org.springframework.security.web.session.SessionManagementFilter@4d825dbe, org.springframework.security.web.access.ExceptionTranslationFilter@3e2c4d4b, org.springframework.security.web.access.intercept.FilterSecurityInterceptor@6f1d799]
2021-11-02 00:00:49,950 INFO org.apache.juli.logging.DirectJDKLog [main] Starting ProtocolHandler ["http-nio-80"]
2021-11-02 00:00:49,967 INFO org.springframework.boot.web.embedded.tomcat.TomcatWebServer [main] Tomcat started on port(s): 80 (http) with context path ''
2021-11-02 00:00:49,968 INFO org.springframework.data.repository.config.DeferredRepositoryInitializationListener [main] Triggering deferred initialization of Spring Data repositories…
2021-11-02 00:00:49,969 INFO org.springframework.data.repository.config.DeferredRepositoryInitializationListener [main] Spring Data repositories initialized!
2021-11-02 00:00:49,977 INFO org.springframework.boot.StartupInfoLogger [main] Started Application in 3.856 seconds (JVM running for 4.463)
2021-11-02 00:00:50,247 INFO org.apache.juli.logging.DirectJDKLog [http-nio-80-exec-1] Initializing Spring DispatcherServlet 'dispatcherServlet'
2021-11-02 00:00:50,247 INFO org.springframework.web.servlet.FrameworkServlet [http-nio-80-exec-1] Initializing Servlet 'dispatcherServlet'
2021-11-02 00:00:50,258 INFO org.springframework.web.servlet.FrameworkServlet [http-nio-80-exec-1] Completed initialization in 11 ms
2021-11-02 00:01:28,271 INFO org.springframework.orm.jpa.AbstractEntityManagerFactoryBean [SpringContextShutdownHook] Closing JPA EntityManagerFactory for persistence unit 'default'
2021-11-02 00:01:28,275 INFO org.springframework.scheduling.concurrent.ExecutorConfigurationSupport [SpringContextShutdownHook] Shutting down ExecutorService 'applicationTaskExecutor'
2021-11-02 00:01:28,276 INFO com.zaxxer.hikari.HikariDataSource [SpringContextShutdownHook] HikariPool-1 - Shutdown initiated...
2021-11-02 00:01:28,293 INFO com.zaxxer.hikari.HikariDataSource [SpringContextShutdownHook] HikariPool-1 - Shutdown completed.
2021-11-02 00:01:32,028 INFO org.hibernate.validator.internal.util.Version [background-preinit] HV000001: Hibernate Validator 6.1.5.Final
2021-11-02 00:01:32,043 INFO org.springframework.boot.StartupInfoLogger [main] Starting Application on DESKTOP-MME1U5F with PID 16756 (C:\Users\HP-Note\IdeaProjects\gragle\build\classes\java\main started by HP-Note in C:\Users\HP-Note\IdeaProjects\gragle)
2021-11-02 00:01:32,045 INFO org.springframework.boot.SpringApplication [main] No active profile set, falling back to default profiles: default
2021-11-02 00:01:32,657 INFO org.springframework.data.repository.config.RepositoryConfigurationDelegate [main] Bootstrapping Spring Data JPA repositories in DEFERRED mode.
2021-11-02 00:01:32,691 INFO org.springframework.data.repository.config.RepositoryConfigurationDelegate [main] Finished Spring Data repository scanning in 29ms. Found 0 JPA repository interfaces.
2021-11-02 00:01:32,951 INFO org.springframework.context.support.PostProcessorRegistrationDelegate$BeanPostProcessorChecker [main] Bean 'org.springframework.security.access.expression.method.DefaultMethodSecurityExpressionHandler@4fe64d23' of type [org.springframework.security.access.expression.method.DefaultMethodSecurityExpressionHandler] is not eligible for getting processed by all BeanPostProcessors (for example: not eligible for auto-proxying)
2021-11-02 00:01:32,956 INFO org.springframework.context.support.PostProcessorRegistrationDelegate$BeanPostProcessorChecker [main] Bean 'methodSecurityMetadataSource' of type [org.springframework.security.access.method.DelegatingMethodSecurityMetadataSource] is not eligible for getting processed by all BeanPostProcessors (for example: not eligible for auto-proxying)
2021-11-02 00:01:33,173 INFO org.springframework.boot.web.embedded.tomcat.TomcatWebServer [main] Tomcat initialized with port(s): 80 (http)
2021-11-02 00:01:33,181 INFO org.apache.juli.logging.DirectJDKLog [main] Initializing ProtocolHandler ["http-nio-80"]
2021-11-02 00:01:33,182 INFO org.apache.juli.logging.DirectJDKLog [main] Starting service [Tomcat]
2021-11-02 00:01:33,182 INFO org.apache.juli.logging.DirectJDKLog [main] Starting Servlet engine: [Apache Tomcat/9.0.38]
2021-11-02 00:01:33,306 INFO org.apache.juli.logging.DirectJDKLog [main] Initializing Spring embedded WebApplicationContext
2021-11-02 00:01:33,307 INFO org.springframework.boot.web.servlet.context.ServletWebServerApplicationContext [main] Root WebApplicationContext: initialization completed in 1232 ms
2021-11-02 00:01:33,425 INFO org.springframework.scheduling.concurrent.ExecutorConfigurationSupport [main] Initializing ExecutorService 'applicationTaskExecutor'
2021-11-02 00:01:33,456 INFO org.hibernate.jpa.internal.util.LogHelper [task-1] HHH000204: Processing PersistenceUnitInfo [name: default]
2021-11-02 00:01:33,507 INFO org.hibernate.Version [task-1] HHH000412: Hibernate Core {5.4.2.Final}
2021-11-02 00:01:33,637 INFO org.hibernate.annotations.common.reflection.java.JavaReflectionManager [task-1] HCANN000001: Hibernate Commons Annotations {5.1.0.Final}
2021-11-02 00:01:33,695 INFO com.zaxxer.hikari.HikariDataSource [task-1] HikariPool-1 - Starting...
2021-11-02 00:01:33,799 INFO com.zaxxer.hikari.HikariDataSource [task-1] HikariPool-1 - Start completed.
2021-11-02 00:01:33,808 INFO org.hibernate.dialect.Dialect [task-1] HHH000400: Using dialect: org.hibernate.dialect.MySQL5Dialect
2021-11-02 00:01:34,614 INFO org.hibernate.engine.transaction.jta.platform.internal.JtaPlatformInitiator [task-1] HHH000490: Using JtaPlatform implementation: [org.hibernate.engine.transaction.jta.platform.internal.NoJtaPlatform]
2021-11-02 00:01:34,616 INFO org.springframework.orm.jpa.AbstractEntityManagerFactoryBean [task-1] Initialized JPA EntityManagerFactory for persistence unit 'default'
2021-11-02 00:01:39,261 INFO org.springframework.boot.autoconfigure.web.servlet.WelcomePageHandlerMapping [main] Adding welcome page template: index
2021-11-02 00:01:39,654 INFO org.springframework.security.web.DefaultSecurityFilterChain [main] Creating filter chain: Ant [pattern='/admin'], [org.springframework.security.web.context.request.async.WebAsyncManagerIntegrationFilter@417751d3, org.springframework.security.web.context.SecurityContextPersistenceFilter@237aba92, org.springframework.security.web.header.HeaderWriterFilter@22cb8e5f, org.springframework.security.web.csrf.CsrfFilter@eddc9bb, org.springframework.security.web.authentication.logout.LogoutFilter@5740ad76, org.springframework.security.web.authentication.www.BasicAuthenticationFilter@457b8fc3, org.springframework.security.web.savedrequest.RequestCacheAwareFilter@6978a32a, org.springframework.security.web.servletapi.SecurityContextHolderAwareRequestFilter@39840986, org.springframework.security.web.authentication.AnonymousAuthenticationFilter@5bf4dfb, org.springframework.security.web.access.ExceptionTranslationFilter@aa794a3]
2021-11-02 00:01:39,671 INFO org.springframework.security.web.DefaultSecurityFilterChain [main] Creating filter chain: any request, [org.springframework.security.web.context.request.async.WebAsyncManagerIntegrationFilter@45cf0c15, org.springframework.security.web.context.SecurityContextPersistenceFilter@13809363, org.springframework.security.web.header.HeaderWriterFilter@184bb873, org.springframework.security.web.authentication.logout.LogoutFilter@45635ae1, org.springframework.security.web.authentication.UsernamePasswordAuthenticationFilter@acd115d, org.springframework.security.web.savedrequest.RequestCacheAwareFilter@564d3940, org.springframework.security.web.servletapi.SecurityContextHolderAwareRequestFilter@58ad0586, org.springframework.security.web.authentication.AnonymousAuthenticationFilter@2f2dc407, org.springframework.security.web.session.SessionManagementFilter@5eba9e41, org.springframework.security.web.access.ExceptionTranslationFilter@17fb5184, org.springframework.security.web.access.intercept.FilterSecurityInterceptor@3d73cd78]
2021-11-02 00:01:39,740 INFO org.apache.juli.logging.DirectJDKLog [main] Starting ProtocolHandler ["http-nio-80"]
2021-11-02 00:01:39,758 INFO org.springframework.boot.web.embedded.tomcat.TomcatWebServer [main] Tomcat started on port(s): 80 (http) with context path ''
2021-11-02 00:01:39,759 INFO org.springframework.data.repository.config.DeferredRepositoryInitializationListener [main] Triggering deferred initialization of Spring Data repositories…
2021-11-02 00:01:39,759 INFO org.springframework.data.repository.config.DeferredRepositoryInitializationListener [main] Spring Data repositories initialized!
2021-11-02 00:01:39,767 INFO org.springframework.boot.StartupInfoLogger [main] Started Application in 8.074 seconds (JVM running for 8.672)
2021-11-02 00:01:40,062 INFO org.apache.juli.logging.DirectJDKLog [http-nio-80-exec-1] Initializing Spring DispatcherServlet 'dispatcherServlet'
2021-11-02 00:01:40,062 INFO org.springframework.web.servlet.FrameworkServlet [http-nio-80-exec-1] Initializing Servlet 'dispatcherServlet'
2021-11-02 00:01:40,072 INFO org.springframework.web.servlet.FrameworkServlet [http-nio-80-exec-1] Completed initialization in 9 ms
2021-11-02 00:02:31,925 INFO org.springframework.orm.jpa.AbstractEntityManagerFactoryBean [SpringContextShutdownHook] Closing JPA EntityManagerFactory for persistence unit 'default'
2021-11-02 00:02:31,929 INFO org.springframework.scheduling.concurrent.ExecutorConfigurationSupport [SpringContextShutdownHook] Shutting down ExecutorService 'applicationTaskExecutor'
2021-11-02 00:02:31,929 INFO com.zaxxer.hikari.HikariDataSource [SpringContextShutdownHook] HikariPool-1 - Shutdown initiated...
2021-11-02 00:02:31,945 INFO com.zaxxer.hikari.HikariDataSource [SpringContextShutdownHook] HikariPool-1 - Shutdown completed.
